.F.F....F.F.F.F.F...E.E.E.E.E.E.E.E......java.sql.SQLException: invalid operation: connection closed
Caused by: org.apache.derby.client.am.SqlException: invalid operation: connection closed
	... 17 more
E.E.F.E.E.E.E.F.F....F.F.F.
F.F...E.E.E.E.E.E.E.E......java.sql.SQLException: invalid operation: connection closed
Caused by: org.apache.derby.client.am.SqlException: invalid operation: connection closed
	... 17 more
E.E.F.E.E.E.E.F.F....F.F.F.F.F...E.E.E.E.E.
E.E.E......java.sql.SQLException: invalid operation: connection closed
Caused by: org.apache.derby.client.am.SqlException: invalid operation: connection closed
	... 17 more
E.E.F.E.E.E.E.F.F....F.F.F.F.F...E.E.E.E.E.E.E.E......java.sql.SQLException: invalid operation: connection closed
Caused by: org.apache.derby.client.am.SqlException: invalid operation: connection closed
	... 17 more
E.
E.F.E.E.E.E
There were 56 errors:
1) testIndexedScrollInsensitiveUpdateCursorWithoutForUpdate1(org.apache.derbyTesting.functionTests.tests.jdbcapi.SURTest)java.sql.SQLException: ResultSet is not updatable.
Caused by: org.apache.derby.client.am.SqlException: ResultSet is not updatable.
	... 23 more
2) testIndexedScrollInsensitiveUpdateCursorWithForUpdate1(org.apache.derbyTesting.functionTests.tests.jdbcapi.SURTest)java.sql.SQLException: ResultSet is not updatable.
Caused by: org.apache.derby.client.am.SqlException: ResultSet is not updatable.
	... 23 more
3) testPrimaryKeyUpdate1(org.apache.derbyTesting.functionTests.tests.jdbcapi.SURTest)java.sql.SQLException: ResultSet is not updatable.
Caused by: org.apache.derby.client.am.SqlException: ResultSet is not updatable.
	... 22 more
4) testOtherPrimaryKeyUpdate1(org.apache.derbyTesting.functionTests.tests.jdbcapi.SURTest)java.sql.SQLException: ResultSet is not updatable.
Caused by: org.apache.derby.client.am.SqlException: ResultSet is not updatable.
	... 22 more
5) testOtherAndOwnPrimaryKeyUpdate1(org.apache.derbyTesting.functionTests.tests.jdbcapi.SURTest)java.sql.SQLException: ResultSet is not updatable.
Caused by: org.apache.derby.client.am.SqlException: ResultSet is not updatable.
	... 22 more
6) testMultipleKeyUpdates(org.apache.derbyTesting.functionTests.tests.jdbcapi.SURTest)java.sql.SQLException: ResultSet is not updatable.
Caused by: org.apache.derby.client.am.SqlException: ResultSet is not updatable.
	... 22 more
7) testSecondaryIndexKeyUpdate1(org.apache.derbyTesting.functionTests.tests.jdbcapi.SURTest)java.sql.SQLException: ResultSet is not updatable.
Caused by: org.apache.derby.client.am.SqlException: ResultSet is not updatable.
	... 22 more
8) testOtherSecondaryKeyUpdate1(org.apache.derbyTesting.functionTests.tests.jdbcapi.SURTest)java.sql.SQLException: ResultSet is not updatable.
Caused by: org.apache.derby.client.am.SqlException: ResultSet is not updatable.
	... 22 more
9) testScrollablePositionedUpdateWithForUpdate1(org.apache.derbyTesting.functionTests.tests.jdbcapi.SURTest)java.sql.SQLException: Execution failed due to a distribution protocol error that caused deallocation of the conversation.  A PROTOCOL Data Stream Syntax Error was detected.  Reason: 0x3
Caused by: org.apache.derby.client.am.DisconnectException: Execution failed due to a distribution protocol error that caused deallocation of the conversation.  A PROTOCOL Data Stream Syntax Error was detected.  Reason: 0x3
	... 22 more
10) testScrollInsensitiveConcurUpdatableWithForUpdate1(org.apache.derbyTesting.functionTests.tests.jdbcapi.SURTest)java.sql.SQLException: ResultSet is not updatable.
Caused by: org.apache.derby.client.am.SqlException: ResultSet is not updatable.
	... 24 more
11) testScrollInsensitiveConcurUpdatableWithForUpdate3(org.apache.derbyTesting.functionTests.tests.jdbcapi.SURTest)java.sql.SQLException: ResultSet is not updatable.
Caused by: org.apache.derby.client.am.SqlException: ResultSet is not updatable.
	... 23 more
12) testScrollInsensitiveConcurUpdatableWithoutForUpdate1(org.apache.derbyTesting.functionTests.tests.jdbcapi.SURTest)java.sql.SQLException: ResultSet is not updatable.
Caused by: org.apache.derby.client.am.SqlException: ResultSet is not updatable.
	... 24 more
13) testScrollInsensitiveConcurUpdatableWithoutForUpdate2(org.apache.derbyTesting.functionTests.tests.jdbcapi.SURTest)java.sql.SQLException: ResultSet is not updatable.
Caused by: org.apache.derby.client.am.SqlException: ResultSet is not updatable.
	... 24 more
14) testScrollInsensitiveConcurUpdatableWithoutForUpdate3(org.apache.derbyTesting.functionTests.tests.jdbcapi.SURTest)java.sql.SQLException: ResultSet is not updatable.
Caused by: org.apache.derby.client.am.SqlException: ResultSet is not updatable.
	... 23 more
15) testIndexedScrollInsensitiveUpdateCursorWithoutForUpdate1(org.apache.derbyTesting.functionTests.tests.jdbcapi.SURTest)java.sql.SQLException: ResultSet is not updatable.
Caused by: org.apache.derby.client.am.SqlException: ResultSet is not updatable.
	... 23 more
16) testIndexedScrollInsensitiveUpdateCursorWithForUpdate1(org.apache.derbyTesting.functionTests.tests.jdbcapi.SURTest)java.sql.SQLException: ResultSet is not updatable.
Caused by: org.apache.derby.client.am.SqlException: ResultSet is not updatable.
	... 23 more
17) testPrimaryKeyUpdate1(org.apache.derbyTesting.functionTests.tests.jdbcapi.SURTest)java.sql.SQLException: ResultSet is not updatable.
Caused by: org.apache.derby.client.am.SqlException: ResultSet is not updatable.
	... 22 more
18) testOtherPrimaryKeyUpdate1(org.apache.derbyTesting.functionTests.tests.jdbcapi.SURTest)java.sql.SQLException: ResultSet is not updatable.
Caused by: org.apache.derby.client.am.SqlException: ResultSet is not updatable.
	... 22 more
19) testOtherAndOwnPrimaryKeyUpdate1(org.apache.derbyTesting.functionTests.tests.jdbcapi.SURTest)java.sql.SQLException: ResultSet is not updatable.
Caused by: org.apache.derby.client.am.SqlException: ResultSet is not updatable.
	... 22 more
20) testMultipleKeyUpdates(org.apache.derbyTesting.functionTests.tests.jdbcapi.SURTest)java.sql.SQLException: ResultSet is not updatable.
Caused by: org.apache.derby.client.am.SqlException: ResultSet is not updatable.
	... 22 more
21) testSecondaryIndexKeyUpdate1(org.apache.derbyTesting.functionTests.tests.jdbcapi.SURTest)java.sql.SQLException: ResultSet is not updatable.
Caused by: org.apache.derby.client.am.SqlException: ResultSet is not updatable.
	... 22 more
22) testOtherSecondaryKeyUpdate1(org.apache.derbyTesting.functionTests.tests.jdbcapi.SURTest)java.sql.SQLException: ResultSet is not updatable.
Caused by: org.apache.derby.client.am.SqlException: ResultSet is not updatable.
	... 22 more
23) testScrollablePositionedUpdateWithForUpdate1(org.apache.derbyTesting.functionTests.tests.jdbcapi.SURTest)java.sql.SQLException: Execution failed due to a distribution protocol error that caused deallocation of the conversation.  A PROTOCOL Data Stream Syntax Error was detected.  Reason: 0x3
Caused by: org.apache.derby.client.am.DisconnectException: Execution failed due to a distribution protocol error that caused deallocation of the conversation.  A PROTOCOL Data Stream Syntax Error was detected.  Reason: 0x3
	... 22 more
24) testScrollInsensitiveConcurUpdatableWithForUpdate1(org.apache.derbyTesting.functionTests.tests.jdbcapi.SURTest)java.sql.SQLException: ResultSet is not updatable.
Caused by: org.apache.derby.client.am.SqlException: ResultSet is not updatable.
	... 24 more
25) testScrollInsensitiveConcurUpdatableWithForUpdate3(org.apache.derbyTesting.functionTests.tests.jdbcapi.SURTest)java.sql.SQLException: ResultSet is not updatable.
Caused by: org.apache.derby.client.am.SqlException: ResultSet is not updatable.
	... 23 more
26) testScrollInsensitiveConcurUpdatableWithoutForUpdate1(org.apache.derbyTesting.functionTests.tests.jdbcapi.SURTest)java.sql.SQLException: ResultSet is not updatable.
Caused by: org.apache.derby.client.am.SqlException: ResultSet is not updatable.
	... 24 more
27) testScrollInsensitiveConcurUpdatableWithoutForUpdate2(org.apache.derbyTesting.functionTests.tests.jdbcapi.SURTest)java.sql.SQLException: ResultSet is not updatable.
Caused by: org.apache.derby.client.am.SqlException: ResultSet is not updatable.
	... 24 more
28) testScrollInsensitiveConcurUpdatableWithoutForUpdate3(org.apache.derbyTesting.functionTests.tests.jdbcapi.SURTest)java.sql.SQLException: ResultSet is not updatable.
Caused by: org.apache.derby.client.am.SqlException: ResultSet is not updatable.
	... 23 more
29) testIndexedScrollInsensitiveUpdateCursorWithoutForUpdate1(org.apache.derbyTesting.functionTests.tests.jdbcapi.SURTest)java.sql.SQLException: ResultSet is not updatable.
Caused by: org.apache.derby.client.am.SqlException: ResultSet is not updatable.
	... 23 more
30) testIndexedScrollInsensitiveUpdateCursorWithForUpdate1(org.apache.derbyTesting.functionTests.tests.jdbcapi.SURTest)java.sql.SQLException: ResultSet is not updatable.
Caused by: org.apache.derby.client.am.SqlException: ResultSet is not updatable.
	... 23 more
31) testPrimaryKeyUpdate1(org.apache.derbyTesting.functionTests.tests.jdbcapi.SURTest)java.sql.SQLException: ResultSet is not updatable.
Caused by: org.apache.derby.client.am.SqlException: ResultSet is not updatable.
	... 22 more
32) testOtherPrimaryKeyUpdate1(org.apache.derbyTesting.functionTests.tests.jdbcapi.SURTest)java.sql.SQLException: ResultSet is not updatable.
Caused by: org.apache.derby.client.am.SqlException: ResultSet is not updatable.
	... 22 more
33) testOtherAndOwnPrimaryKeyUpdate1(org.apache.derbyTesting.functionTests.tests.jdbcapi.SURTest)java.sql.SQLException: ResultSet is not updatable.
Caused by: org.apache.derby.client.am.SqlException: ResultSet is not updatable.
	... 22 more
34) testMultipleKeyUpdates(org.apache.derbyTesting.functionTests.tests.jdbcapi.SURTest)java.sql.SQLException: ResultSet is not updatable.
Caused by: org.apache.derby.client.am.SqlException: ResultSet is not updatable.
	... 22 more
35) testSecondaryIndexKeyUpdate1(org.apache.derbyTesting.functionTests.tests.jdbcapi.SURTest)java.sql.SQLException: ResultSet is not updatable.
Caused by: org.apache.derby.client.am.SqlException: ResultSet is not updatable.
	... 22 more
36) testOtherSecondaryKeyUpdate1(org.apache.derbyTesting.functionTests.tests.jdbcapi.SURTest)java.sql.SQLException: ResultSet is not updatable.
Caused by: org.apache.derby.client.am.SqlException: ResultSet is not updatable.
	... 22 more
37) testScrollablePositionedUpdateWithForUpdate1(org.apache.derbyTesting.functionTests.tests.jdbcapi.SURTest)java.sql.SQLException: Execution failed due to a distribution protocol error that caused deallocation of the conversation.  A PROTOCOL Data Stream Syntax Error was detected.  Reason: 0x3
Caused by: org.apache.derby.client.am.DisconnectException: Execution failed due to a distribution protocol error that caused deallocation of the conversation.  A PROTOCOL Data Stream Syntax Error was detected.  Reason: 0x3
	... 22 more
38) testScrollInsensitiveConcurUpdatableWithForUpdate1(org.apache.derbyTesting.functionTests.tests.jdbcapi.SURTest)java.sql.SQLException: ResultSet is not updatable.
Caused by: org.apache.derby.client.am.SqlException: ResultSet is not updatable.
	... 24 more
39) testScrollInsensitiveConcurUpdatableWithForUpdate3(org.apache.derbyTesting.functionTests.tests.jdbcapi.SURTest)java.sql.SQLException: ResultSet is not updatable.
Caused by: org.apache.derby.client.am.SqlException: ResultSet is not updatable.
	... 23 more
40) testScrollInsensitiveConcurUpdatableWithoutForUpdate1(org.apache.derbyTesting.functionTests.tests.jdbcapi.SURTest)java.sql.SQLException: ResultSet is not updatable.
Caused by: org.apache.derby.client.am.SqlException: ResultSet is not updatable.
	... 24 more
41) testScrollInsensitiveConcurUpdatableWithoutForUpdate2(org.apache.derbyTesting.functionTests.tests.jdbcapi.SURTest)java.sql.SQLException: ResultSet is not updatable.
Caused by: org.apache.derby.client.am.SqlException: ResultSet is not updatable.
	... 24 more
42) testScrollInsensitiveConcurUpdatableWithoutForUpdate3(org.apache.derbyTesting.functionTests.tests.jdbcapi.SURTest)java.sql.SQLException: ResultSet is not updatable.
Caused by: org.apache.derby.client.am.SqlException: ResultSet is not updatable.
	... 23 more
43) testIndexedScrollInsensitiveUpdateCursorWithoutForUpdate1(org.apache.derbyTesting.functionTests.tests.jdbcapi.SURTest)java.sql.SQLException: ResultSet is not updatable.
Caused by: org.apache.derby.client.am.SqlException: ResultSet is not updatable.
	... 23 more
44) testIndexedScrollInsensitiveUpdateCursorWithForUpdate1(org.apache.derbyTesting.functionTests.tests.jdbcapi.SURTest)java.sql.SQLException: ResultSet is not updatable.
Caused by: org.apache.derby.client.am.SqlException: ResultSet is not updatable.
	... 23 more
45) testPrimaryKeyUpdate1(org.apache.derbyTesting.functionTests.tests.jdbcapi.SURTest)java.sql.SQLException: ResultSet is not updatable.
Caused by: org.apache.derby.client.am.SqlException: ResultSet is not updatable.
	... 22 more
46) testOtherPrimaryKeyUpdate1(org.apache.derbyTesting.functionTests.tests.jdbcapi.SURTest)java.sql.SQLException: ResultSet is not updatable.
Caused by: org.apache.derby.client.am.SqlException: ResultSet is not updatable.
	... 22 more
47) testOtherAndOwnPrimaryKeyUpdate1(org.apache.derbyTesting.functionTests.tests.jdbcapi.SURTest)java.sql.SQLException: ResultSet is not updatable.
Caused by: org.apache.derby.client.am.SqlException: ResultSet is not updatable.
	... 22 more
48) testMultipleKeyUpdates(org.apache.derbyTesting.functionTests.tests.jdbcapi.SURTest)java.sql.SQLException: ResultSet is not updatable.
Caused by: org.apache.derby.client.am.SqlException: ResultSet is not updatable.
	... 22 more
49) testSecondaryIndexKeyUpdate1(org.apache.derbyTesting.functionTests.tests.jdbcapi.SURTest)java.sql.SQLException: ResultSet is not updatable.
Caused by: org.apache.derby.client.am.SqlException: ResultSet is not updatable.
	... 22 more
50) testOtherSecondaryKeyUpdate1(org.apache.derbyTesting.functionTests.tests.jdbcapi.SURTest)java.sql.SQLException: ResultSet is not updatable.
Caused by: org.apache.derby.client.am.SqlException: ResultSet is not updatable.
	... 22 more
51) testScrollablePositionedUpdateWithForUpdate1(org.apache.derbyTesting.functionTests.tests.jdbcapi.SURTest)java.sql.SQLException: Execution failed due to a distribution protocol error that caused deallocation of the conversation.  A PROTOCOL Data Stream Syntax Error was detected.  Reason: 0x3
Caused by: org.apache.derby.client.am.DisconnectException: Execution failed due to a distribution protocol error that caused deallocation of the conversation.  A PROTOCOL Data Stream Syntax Error was detected.  Reason: 0x3
	... 22 more
52) testScrollInsensitiveConcurUpdatableWithForUpdate1(org.apache.derbyTesting.functionTests.tests.jdbcapi.SURTest)java.sql.SQLException: ResultSet is not updatable.
Caused by: org.apache.derby.client.am.SqlException: ResultSet is not updatable.
	... 24 more
53) testScrollInsensitiveConcurUpdatableWithForUpdate3(org.apache.derbyTesting.functionTests.tests.jdbcapi.SURTest)java.sql.SQLException: ResultSet is not updatable.
Caused by: org.apache.derby.client.am.SqlException: ResultSet is not updatable.
	... 23 more
54) testScrollInsensitiveConcurUpdatableWithoutForUpdate1(org.apache.derbyTesting.functionTests.tests.jdbcapi.SURTest)java.sql.SQLException: ResultSet is not updatable.
Caused by: org.apache.derby.client.am.SqlException: ResultSet is not updatable.
	... 24 more
55) testScrollInsensitiveConcurUpdatableWithoutForUpdate2(org.apache.derbyTesting.functionTests.tests.jdbcapi.SURTest)java.sql.SQLException: ResultSet is not updatable.
Caused by: org.apache.derby.client.am.SqlException: ResultSet is not updatable.
	... 24 more
56) testScrollInsensitiveConcurUpdatableWithoutForUpdate3(org.apache.derbyTesting.functionTests.tests.jdbcapi.SURTest)java.sql.SQLException: ResultSet is not updatable.
Caused by: org.apache.derby.client.am.SqlException: ResultSet is not updatable.
	... 23 more
There were 32 failures:
1) testConcurrencyModeWarning1(org.apache.derbyTesting.functionTests.tests.jdbcapi.SURTest)junit.framework.AssertionFailedError: Expected to get a warning
2) testConcurrencyModeWarning2(org.apache.derbyTesting.functionTests.tests.jdbcapi.SURTest)junit.framework.AssertionFailedError: Expected to get a warning
3) testFailOnUpdateOfReadOnlyResultSet1(org.apache.derbyTesting.functionTests.tests.jdbcapi.SURTest)junit.framework.ComparisonFailure: Unexpected SQL state expected:<XJ083> but was:<null>
4) testFailOnUpdateOfReadOnlyResultSet2(org.apache.derbyTesting.functionTests.tests.jdbcapi.SURTest)junit.framework.ComparisonFailure: Unexpected SQL state expected:<XJ083> but was:<null>
5) testFailOnUpdateOfReadOnlyResultSet3(org.apache.derbyTesting.functionTests.tests.jdbcapi.SURTest)junit.framework.ComparisonFailure: Unexpected SQL state expected:<XJ083> but was:<null>
6) testFailOnUpdateOfReadOnlyResultSet4(org.apache.derbyTesting.functionTests.tests.jdbcapi.SURTest)junit.framework.ComparisonFailure: Unexpected SQL state expected:<XJ083> but was:<null>
7) testFailOnUpdateOfReadOnlyResultSet5(org.apache.derbyTesting.functionTests.tests.jdbcapi.SURTest)junit.framework.ComparisonFailure: Unexpected SQL state expected:<XJ083> but was:<null>
8) testScrollInsensitiveConcurUpdatableWithForUpdate2(org.apache.derbyTesting.functionTests.tests.jdbcapi.SURTest)junit.framework.AssertionFailedError: Invalid resultset concurrency on statement expected:<1008> but was:<1007>
9) testConcurrencyModeWarning1(org.apache.derbyTesting.functionTests.tests.jdbcapi.SURTest)junit.framework.AssertionFailedError: Expected to get a warning
10) testConcurrencyModeWarning2(org.apache.derbyTesting.functionTests.tests.jdbcapi.SURTest)junit.framework.AssertionFailedError: Expected to get a warning
11) testFailOnUpdateOfReadOnlyResultSet1(org.apache.derbyTesting.functionTests.tests.jdbcapi.SURTest)junit.framework.ComparisonFailure: Unexpected SQL state expected:<XJ083> but was:<null>
12) testFailOnUpdateOfReadOnlyResultSet2(org.apache.derbyTesting.functionTests.tests.jdbcapi.SURTest)junit.framework.ComparisonFailure: Unexpected SQL state expected:<XJ083> but was:<null>
13) testFailOnUpdateOfReadOnlyResultSet3(org.apache.derbyTesting.functionTests.tests.jdbcapi.SURTest)junit.framework.ComparisonFailure: Unexpected SQL state expected:<XJ083> but was:<null>
14) testFailOnUpdateOfReadOnlyResultSet4(org.apache.derbyTesting.functionTests.tests.jdbcapi.SURTest)junit.framework.ComparisonFailure: Unexpected SQL state expected:<XJ083> but was:<null>
15) testFailOnUpdateOfReadOnlyResultSet5(org.apache.derbyTesting.functionTests.tests.jdbcapi.SURTest)junit.framework.ComparisonFailure: Unexpected SQL state expected:<XJ083> but was:<null>
16) testScrollInsensitiveConcurUpdatableWithForUpdate2(org.apache.derbyTesting.functionTests.tests.jdbcapi.SURTest)junit.framework.AssertionFailedError: Invalid resultset concurrency on statement expected:<1008> but was:<1007>
17) testConcurrencyModeWarning1(org.apache.derbyTesting.functionTests.tests.jdbcapi.SURTest)junit.framework.AssertionFailedError: Expected to get a warning
18) testConcurrencyModeWarning2(org.apache.derbyTesting.functionTests.tests.jdbcapi.SURTest)junit.framework.AssertionFailedError: Expected to get a warning
19) testFailOnUpdateOfReadOnlyResultSet1(org.apache.derbyTesting.functionTests.tests.jdbcapi.SURTest)junit.framework.ComparisonFailure: Unexpected SQL state expected:<XJ083> but was:<null>
20) testFailOnUpdateOfReadOnlyResultSet2(org.apache.derbyTesting.functionTests.tests.jdbcapi.SURTest)junit.framework.ComparisonFailure: Unexpected SQL state expected:<XJ083> but was:<null>
21) testFailOnUpdateOfReadOnlyResultSet3(org.apache.derbyTesting.functionTests.tests.jdbcapi.SURTest)junit.framework.ComparisonFailure: Unexpected SQL state expected:<XJ083> but was:<null>
22) testFailOnUpdateOfReadOnlyResultSet4(org.apache.derbyTesting.functionTests.tests.jdbcapi.SURTest)junit.framework.ComparisonFailure: Unexpected SQL state expected:<XJ083> but was:<null>
23) testFailOnUpdateOfReadOnlyResultSet5(org.apache.derbyTesting.functionTests.tests.jdbcapi.SURTest)junit.framework.ComparisonFailure: Unexpected SQL state expected:<XJ083> but was:<null>
24) testScrollInsensitiveConcurUpdatableWithForUpdate2(org.apache.derbyTesting.functionTests.tests.jdbcapi.SURTest)junit.framework.AssertionFailedError: Invalid resultset concurrency on statement expected:<1008> but was:<1007>
25) testConcurrencyModeWarning1(org.apache.derbyTesting.functionTests.tests.jdbcapi.SURTest)junit.framework.AssertionFailedError: Expected to get a warning
26) testConcurrencyModeWarning2(org.apache.derbyTesting.functionTests.tests.jdbcapi.SURTest)junit.framework.AssertionFailedError: Expected to get a warning
27) testFailOnUpdateOfReadOnlyResultSet1(org.apache.derbyTesting.functionTests.tests.jdbcapi.SURTest)junit.framework.ComparisonFailure: Unexpected SQL state expected:<XJ083> but was:<null>
28) testFailOnUpdateOfReadOnlyResultSet2(org.apache.derbyTesting.functionTests.tests.jdbcapi.SURTest)junit.framework.ComparisonFailure: Unexpected SQL state expected:<XJ083> but was:<null>
29) testFailOnUpdateOfReadOnlyResultSet3(org.apache.derbyTesting.functionTests.tests.jdbcapi.SURTest)junit.framework.ComparisonFailure: Unexpected SQL state expected:<XJ083> but was:<null>
30) testFailOnUpdateOfReadOnlyResultSet4(org.apache.derbyTesting.functionTests.tests.jdbcapi.SURTest)junit.framework.ComparisonFailure: Unexpected SQL state expected:<XJ083> but was:<null>
31) testFailOnUpdateOfReadOnlyResultSet5(org.apache.derbyTesting.functionTests.tests.jdbcapi.SURTest)junit.framework.ComparisonFailure: Unexpected SQL state expected:<XJ083> but was:<null>
32) testScrollInsensitiveConcurUpdatableWithForUpdate2(org.apache.derbyTesting.functionTests.tests.jdbcapi.SURTest)junit.framework.AssertionFailedError: Invalid resultset concurrency on statement expected:<1008> but was:<1007>
FAILURES!!!
Tests run: 128,  Failures: 32,  Errors: 56
